{"ts":"2025-12-15T23:08:31.583114800Z","user":"user","roles":["ROLE_USER"],"method":"GET","path":"/api/hello","ip":"127.0.0.1","status":200}
{"ts":"2025-12-15T23:08:31.588592600Z","user":"user","roles":["ROLE_USER"],"method":"GET","path":"/admin/audit","ip":"127.0.0.1","status":403}
{"ts":"2025-12-15T23:08:31.663498500Z","user":"admin","roles":["ROLE_ADMIN"],"method":"GET","path":"/admin/audit","ip":"127.0.0.1","status":200}
{"ts":"2025-12-16T19:28:54.116425100Z","user":"anonymousUser","roles":["ROLE_ANONYMOUS"],"method":"GET","path":"/actuator/health","ip":"0:0:0:0:0:0:0:1","status":404}
{"ts":"2025-12-16T19:29:06.028356200Z","user":"anonymousUser","roles":["ROLE_ANONYMOUS"],"method":"GET","path":"/swagger-ui/index.html","ip":"0:0:0:0:0:0:0:1","status":404}
{"ts":"2025-12-16T19:29:06.127578600Z","user":"anonymousUser","roles":["ROLE_ANONYMOUS"],"method":"GET","path":"/v3/api-docs","ip":"0:0:0:0:0:0:0:1","status":404}
{"ts":"2025-12-16T19:29:23.180683Z","user":"anonymousUser","roles":["ROLE_ANONYMOUS"],"method":"GET","path":"/actuator/health","ip":"0:0:0:0:0:0:0:1","status":404}
{"ts":"2025-12-16T19:29:57.661603700Z","user":"anonymousUser","roles":["ROLE_ANONYMOUS"],"method":"GET","path":"/actuator/health","ip":"0:0:0:0:0:0:0:1","status":404}
{"ts":"2025-12-16T19:43:36.897212600Z","user":"anonymousUser","roles":["ROLE_ANONYMOUS"],"method":"POST","path":"/api/auth/login","ip":"0:0:0:0:0:0:0:1","status":404}
{"ts":"2025-12-16T21:44:54.778981700Z","user":"admin","roles":["ROLE_ADMIN"],"method":"GET","path":"/api/hello","ip":"0:0:0:0:0:0:0:1","status":200}
{"ts":"2025-12-16T21:45:29.672219600Z","user":"user","roles":["ROLE_USER"],"method":"GET","path":"/api/hello","ip":"0:0:0:0:0:0:0:1","status":200}
{"ts":"2025-12-16T21:45:38.569522300Z","user":"admin","roles":["ROLE_ADMIN"],"method":"GET","path":"/admin/audit","ip":"0:0:0:0:0:0:0:1","status":200}
{"ts":"2025-12-16T21:45:42.484066700Z","user":"admin","roles":["ROLE_ADMIN"],"method":"GET","path":"/admin/audit","ip":"0:0:0:0:0:0:0:1","status":200}
{"ts":"2025-12-16T21:46:56.514132800Z","user":"user","roles":["ROLE_USER"],"method":"GET","path":"/admin/audit","ip":"0:0:0:0:0:0:0:1","status":200}
{"ts":"2025-12-17T00:17:24.741766500Z","user":"admin","roles":["ROLE_ADMIN"],"method":"GET","path":"/api/hello","ip":"0:0:0:0:0:0:0:1","status":200}
{"ts":"2025-12-17T00:20:59.416771300Z","user":"user","roles":["ROLE_USER"],"method":"GET","path":"/admin/audit","ip":"0:0:0:0:0:0:0:1","status":200}
{"ts":"2025-12-17T00:21:16.753396100Z","user":"admin","roles":["ROLE_ADMIN"],"method":"GET","path":"/admin/audit","ip":"0:0:0:0:0:0:0:1","status":200}
{"ts":"2025-12-17T04:20:19.437886500Z","user":"admin","roles":["ROLE_ADMIN"],"method":"GET","path":"/admin/audit","ip":"0:0:0:0:0:0:0:1","status":200}
{"ts":"2025-12-17T23:20:08.024652800Z","user":"admin","roles":["ROLE_ADMIN"],"method":"GET","path":"/admin/audit","ip":"0:0:0:0:0:0:0:1","status":200}
{"ts":"2025-12-17T23:26:29.942939700Z","user":"anonymousUser","roles":["ROLE_ANONYMOUS"],"method":"GET","path":"/","ip":"0:0:0:0:0:0:0:1","status":404}
{"ts":"2025-12-18T21:09:02.532742800Z","user":"anonymousUser","roles":["ROLE_ANONYMOUS"],"method":"GET","path":"/","ip":"0:0:0:0:0:0:0:1","status":404}
